<?xml version="1.0" encoding="UTF-8"?>
<!-- Generated by org.testng.reporters.JUnitReportReporter -->
<testsuite hostname="LPCD-27V8S93" failures="0" tests="1" name="com.learnautomation.testcases.LoginTestCRM" time="1.439" errors="0" timestamp="2022-05-27T18:09:10 IST" skipped="0">
  <testcase classname="com.learnautomation.testcases.LoginTestCRM" name="login" time="1.439"/>
  <system-out/>
</testsuite> <!-- com.learnautomation.testcases.LoginTestCRM -->
